2025-09-29 02:13:51, MOVE, v:1, k:animal, mode:PICK
2025-09-29 02:13:52, EXEC, v:1, k:animal, mode:FULL, rate:25
2025-09-29 02:14:17, EXEC, v:1, k:animal, mode:FULL, rate:25, size:33
2025-09-29 02:14:56, EXEC, v:1, k:animal, mode:FULL, rate:25, size:33
2025-09-29 02:15:05, EXEC, v:1, k:animal, mode:FULL, rate:25, size:33
2025-09-29 02:15:12, EXEC, v:1, k:animal, mode:FULL, rate:25, size:33
2025-09-29 02:15:36, EXEC, v:1, k:animal, mode:FULL, rate:25, size:33
2025-09-29 02:15:52, MOVE, v:1, k:animal, mode:PICK
2025-09-29 02:15:53, EXEC, v:1, k:animal, mode:FULL, rate:25
2025-09-29 02:16:06, EXEC, v:1, k:animal, mode:FULL, rate:25, size:33
2025-09-29 02:16:13, EXEC, v:1, k:animal, mode:FULL, rate:25, size:33
2025-09-29 02:16:23, EXEC, v:1, k:animal, mode:FULL, rate:25, size:33
2025-09-29 02:16:27, EXEC, v:1, k:animal, mode:FULL, rate:25, size:33
2025-09-29 02:17:17, EXEC, v:1, k:animal, mode:FREE
2025-09-29 02:19:05, EXEC, v:1, k:animal, mode:FULL, rate:25, size:33
2025-09-29 02:19:13, EXEC, v:1, k:animal, mode:FULL, rate:25
2025-09-29 02:19:49, EXEC, v:1, k:animal, mode:FULL, rate:25, size:33
2025-09-29 02:19:58, EXEC, v:1, k:animal, mode:FULL, rate:25, size:33
2025-09-29 02:21:04, EXEC, v:1, k:animal, mode:FULL, rate:25, size:32
2025-09-29 02:22:42, EXEC, v:1, k:animal, mode:FULL, rate:25, size:33
2025-09-29 02:22:46, EXEC, v:1, k:animal, mode:FULL, rate:25, size:33
2025-09-29 02:23:14, EXEC, v:1, k:animal, mode:FULL, rate:50, size:32
2025-09-29 02:32:42, EXEC, v:1, k:animal, mode:FULL, rate:50, size:43
2025-09-29 02:34:11, EXEC, v:1, k:animal, mode:FULL, rate:50, size:43
2025-09-29 02:34:57, EXEC, v:1, k:animal, mode:FULL, rate:50
2025-09-29 02:34:58, EXEC, v:1, k:animal, mode:FULL, rate:50
2025-09-29 02:34:58, EXEC, v:1, k:animal, mode:FULL, rate:50
2025-09-29 02:35:12, EXEC, v:1, k:animal, mode:FULL, rate:50, size:43
2025-09-29 02:38:02, EXEC, v:1, k:animal, mode:FULL, rate:50, size:43
2025-09-29 02:38:26, EXEC, v:1, k:animal, mode:FULL, rate:50, size:44
2025-09-29 02:38:35, EXEC, v:1, k:animal, mode:FULL, rate:50
2025-09-29 02:38:36, EXEC, v:1, k:animal, mode:FULL, rate:50
2025-09-29 02:38:36, EXEC, v:1, k:animal, mode:FULL, rate:50
2025-09-29 02:38:37, EXEC, v:1, k:animal, mode:FULL, rate:50
2025-09-29 02:38:37, EXEC, v:1, k:animal, mode:FULL, rate:50
2025-09-29 02:38:37, EXEC, v:1, k:animal, mode:FULL, rate:50
2025-09-29 02:38:38, EXEC, v:1, k:animal, mode:FULL, rate:50
2025-09-29 02:38:38, EXEC, v:1, k:animal, mode:FULL, rate:50
2025-09-29 02:38:39, EXEC, v:1, k:animal, mode:FULL, rate:50
2025-09-29 02:39:31, EXEC, v:1, k:animal, mode:FULL, rate:50, size:43
2025-09-29 02:39:32, EXEC, v:1, k:animal, mode:FULL, rate:50
2025-09-29 02:39:33, EXEC, v:1, k:animal, mode:FULL, rate:50
2025-09-29 02:39:33, EXEC, v:1, k:animal, mode:FULL, rate:50
2025-09-29 02:39:56, MOVE, v:1, k:animal, mode:PICK
2025-09-29 02:39:57, EXEC, v:1, k:animal, mode:FULL, rate:50, size:44
2025-09-29 02:42:42, EXEC, v:1, k:animal, mode:FULL, rate:50, size:43
2025-09-29 02:43:56, EXEC, v:1, k:animal, mode:FULL, rate:50, size:43
2025-09-29 02:44:11, EXEC, v:1, k:animal, mode:FULL, rate:50, size:43
2025-09-29 02:44:17, MOVE, v:1, k:animal, mode:PICK
2025-09-29 02:44:17, EXEC, v:1, k:animal, mode:FULL, rate:50
2025-09-29 02:45:30, EXEC, v:1, k:animal, mode:FULL, rate:50, size:43
2025-09-29 02:45:31, EXEC, v:1, k:animal, mode:FULL, rate:50
2025-09-29 02:47:17, EXEC, v:1, k:animal, mode:FULL, rate:50
2025-09-29 02:47:19, EXEC, v:1, k:animal, mode:FULL, rate:50
2025-09-29 02:49:17, EXEC, v:1, k:animal, mode:FULL, rate:50, size:43
2025-09-29 02:51:27, EXEC, v:1, k:animal, mode:FULL, rate:50, size:43
2025-09-29 02:52:11, EXEC, v:1, k:animal, mode:FULL, rate:50, size:43
2025-09-29 02:52:27, EXEC, v:1, k:animal, mode:FULL, rate:100, size:43
2025-09-29 02:57:00, EXEC, v:1, k:animal, mode:FULL, rate:100
2025-09-29 02:57:08, EXEC, v:1, k:animal, mode:FULL, rate:100
2025-09-29 02:57:09, EXEC, v:1, k:animal, mode:FULL, rate:100
2025-09-29 02:57:09, EXEC, v:1, k:animal, mode:FULL, rate:100
2025-09-29 18:49:01, MOVE, v:1, k:carro, mode:DOWN
2025-09-29 18:52:13, MOVE, v:1, k:carro, mode:PICK
2025-09-29 18:52:14, EXEC, v:1, k:carro, mode:FULL, rate:0, size:0
2025-09-29 19:10:57, MOVE, v:1, k:carro, mode:BACK
2025-09-29 19:11:00, MOVE, v:1, k:carro, mode:PICK
2025-09-29 19:17:11, EXEC, v:1, k:carro, mode:FULL, rate:0, size:22
2025-09-29 19:26:33, EXEC, v:1, k:carro, mode:FULL, rate:0, size:29
2025-09-29 19:28:35, EXEC, v:1, k:carro, mode:FULL, rate:0, size:27
2025-09-29 19:29:31, EXEC, v:1, k:carro, mode:FULL, rate:0, size:27
2025-09-29 19:29:33, EXEC, v:1, k:carro, mode:FULL, rate:0
2025-09-29 19:29:33, EXEC, v:1, k:carro, mode:FULL, rate:0
2025-09-29 19:30:06, EXEC, v:1, k:carro, mode:FULL, rate:0, size:27
2025-09-29 19:30:24, EXEC, v:1, k:carro, mode:FULL, rate:0, size:27
2025-09-29 19:30:42, MOVE, v:1, k:carro, mode:PICK
2025-09-29 19:30:44, EXEC, v:1, k:carro, mode:FULL, rate:0, size:27
2025-09-29 19:31:23, EXEC, v:1, k:carro, mode:FULL, rate:0, size:27
2025-09-29 19:31:24, EXEC, v:1, k:carro, mode:FULL, rate:0
2025-09-29 19:31:31, EXEC, v:1, k:carro, mode:FULL, rate:0, size:27
2025-09-29 19:31:32, EXEC, v:1, k:carro, mode:FULL, rate:0
2025-09-29 19:33:05, EXEC, v:1, k:carro, mode:FULL, rate:0, size:27
2025-09-29 19:33:10, EXEC, v:1, k:carro, mode:FULL, rate:0, size:27
2025-09-29 19:34:05, EXEC, v:1, k:carro, mode:FULL, rate:0
2025-09-29 19:35:59, EXEC, v:1, k:carro, mode:FULL, rate:10, size:23
2025-09-29 19:41:25, EXEC, v:1, k:carro, mode:FULL, rate:10, size:31
2025-09-29 19:41:52, EXEC, v:1, k:carro, mode:FULL, rate:10, size:30
2025-09-29 19:41:52, MOVE, v:1, k:carro, mode:BACK
2025-09-29 19:42:00, MOVE, v:1, k:carro, mode:PICK
2025-09-29 19:42:01, EXEC, v:1, k:carro, mode:FULL, rate:10
2025-09-29 19:43:14, EXEC, v:1, k:carro, mode:FULL, rate:10, size:30
2025-09-29 19:43:43, EXEC, v:1, k:carro, mode:FULL, rate:10, size:30
2025-09-29 19:43:44, EXEC, v:1, k:carro, mode:FULL, rate:10
2025-09-29 19:43:46, EXEC, v:1, k:carro, mode:FULL, rate:10
2025-09-29 19:43:53, EXEC, v:1, k:carro, mode:FULL, rate:10
2025-09-29 19:45:08, EXEC, v:1, k:carro, mode:FULL, rate:10, size:30
2025-09-29 19:45:59, EXEC, v:1, k:carro, mode:FULL, rate:10, size:30
2025-09-29 19:46:52, MOVE, v:1, k:carro, mode:BACK
2025-09-29 19:46:52, MOVE, v:1, k:carro, mode:PICK
2025-09-29 19:46:54, EXEC, v:1, k:carro, mode:FULL, rate:10, size:30
2025-09-29 19:47:07, EXEC, v:1, k:carro, mode:FULL, rate:10
2025-09-29 19:47:15, EXEC, v:1, k:carro, mode:FULL, rate:20, size:30
2025-09-29 19:48:32, EXEC, v:1, k:carro, mode:FULL, rate:0, size:30
2025-09-29 19:48:38, MOVE, v:1, k:carro, mode:BACK
2025-09-29 19:48:40, MOVE, v:1, k:carro, mode:PICK
2025-09-29 19:48:41, EXEC, v:1, k:carro, mode:FULL, rate:10, size:30
2025-09-29 19:49:08, EXEC, v:1, k:carro, mode:FULL, rate:10
2025-09-29 19:49:18, EXEC, v:1, k:carro, mode:FULL, rate:10, size:30
2025-09-29 19:49:29, EXEC, v:1, k:carro, mode:FULL, rate:10
2025-09-29 19:49:39, EXEC, v:1, k:carro, mode:FULL, rate:20, size:30
2025-09-29 19:50:03, EXEC, v:1, k:carro, mode:FULL, rate:10, size:30
2025-09-29 19:50:17, MOVE, v:1, k:carro, mode:PICK
2025-09-29 19:50:18, EXEC, v:1, k:carro, mode:FULL, rate:10, size:30
2025-09-29 19:50:23, EXEC, v:1, k:carro, mode:FULL, rate:10
2025-09-29 19:50:31, EXEC, v:1, k:carro, mode:FULL, rate:10, size:30
2025-09-29 19:50:32, EXEC, v:1, k:carro, mode:FULL, rate:10
2025-09-29 19:50:32, EXEC, v:1, k:carro, mode:FULL, rate:10
2025-09-29 19:50:40, EXEC, v:1, k:carro, mode:FULL, rate:10, size:30
2025-09-29 19:50:48, EXEC, v:1, k:carro, mode:FULL, rate:20, size:30
2025-09-29 19:51:56, EXEC, v:1, k:carro, mode:FULL, rate:10, size:30
2025-09-29 19:52:08, EXEC, v:1, k:carro, mode:FULL, rate:10
2025-09-29 19:52:36, EXEC, v:1, k:carro, mode:FULL, rate:20, size:30
2025-09-29 19:55:06, EXEC, v:1, k:carro, mode:FULL, rate:20, size:30
2025-09-29 19:55:27, EXEC, v:1, k:carro, mode:FULL, rate:20
2025-09-29 19:55:37, EXEC, v:1, k:carro, mode:FULL, rate:30, size:30
2025-09-29 20:14:02, EXEC, v:1, k:carro, mode:FULL, rate:20, size:38
2025-09-29 20:14:18, EXEC, v:1, k:carro, mode:FULL, rate:20
2025-09-29 20:14:47, EXEC, v:1, k:carro, mode:FULL, rate:40, size:39
2025-09-29 20:15:15, EXEC, v:1, k:carro, mode:FULL, rate:40
2025-09-29 20:16:50, EXEC, v:1, k:carro, mode:FULL, rate:30, size:39
2025-09-29 20:17:09, EXEC, v:1, k:carro, mode:FULL, rate:0, size:39
2025-09-29 20:17:17, EXEC, v:1, k:carro, mode:FULL, rate:40, size:39
2025-09-29 20:18:49, EXEC, v:1, k:carro, mode:FULL, rate:40, size:40
2025-09-29 20:19:08, MOVE, v:1, k:carro, mode:BACK
2025-09-29 20:19:11, MOVE, v:1, k:carro, mode:PICK
2025-09-29 20:19:12, EXEC, v:1, k:carro, mode:FULL, rate:40, size:40
2025-09-29 20:19:58, EXEC, v:1, k:carro, mode:FULL, rate:40, size:40
2025-09-29 20:20:13, EXEC, v:1, k:carro, mode:FULL, rate:40, size:40
2025-09-29 20:20:18, EXEC, v:1, k:carro, mode:FULL, rate:40
2025-09-29 20:20:45, EXEC, v:1, k:carro, mode:FULL, rate:40, size:40
2025-09-29 20:21:37, EXEC, v:1, k:carro, mode:FULL, rate:50, size:40
