2025-09-22 19:03:49, MOVE, v:1, k:toalha, mode:PICK
2025-09-22 19:03:51, EXEC, v:1, k:toalha, mode:LOCK, rate:0, size:31
2025-09-22 19:05:34, EXEC, v:1, k:toalha, mode:LOCK, rate:0, size:30
2025-09-22 19:07:37, EXEC, v:1, k:toalha, mode:LOCK, rate:0, size:30
2025-09-22 19:07:41, EXEC, v:1, k:toalha, mode:LOCK, rate:0
2025-09-22 19:07:41, EXEC, v:1, k:toalha, mode:LOCK, rate:0
2025-09-22 19:07:42, EXEC, v:1, k:toalha, mode:LOCK, rate:0
2025-09-22 19:07:42, EXEC, v:1, k:toalha, mode:LOCK, rate:0
2025-09-22 19:07:52, EXEC, v:1, k:toalha, mode:LOCK, rate:0
2025-09-22 19:07:52, EXEC, v:1, k:toalha, mode:LOCK, rate:0
2025-09-22 19:07:53, EXEC, v:1, k:toalha, mode:LOCK, rate:0
2025-09-22 19:07:53, EXEC, v:1, k:toalha, mode:LOCK, rate:0
2025-09-22 19:07:53, EXEC, v:1, k:toalha, mode:LOCK, rate:0
2025-09-22 19:10:11, EXEC, v:1, k:toalha, mode:LOCK, rate:0, size:30
2025-09-22 19:10:28, EXEC, v:1, k:toalha, mode:LOCK, rate:0, size:30
2025-09-22 19:10:29, EXEC, v:1, k:toalha, mode:LOCK, rate:0
2025-09-22 19:10:29, EXEC, v:1, k:toalha, mode:LOCK, rate:0
2025-09-22 19:10:29, EXEC, v:1, k:toalha, mode:LOCK, rate:0
2025-09-22 19:10:29, EXEC, v:1, k:toalha, mode:LOCK, rate:0
2025-09-22 19:10:30, EXEC, v:1, k:toalha, mode:LOCK, rate:0
2025-09-22 19:10:30, EXEC, v:1, k:toalha, mode:LOCK, rate:0
2025-09-22 19:10:30, EXEC, v:1, k:toalha, mode:LOCK, rate:0
2025-09-22 19:11:11, MOVE, v:1, k:toalha, mode:PICK
2025-09-22 19:11:12, EXEC, v:1, k:toalha, mode:LOCK, rate:0
2025-09-22 19:11:12, EXEC, v:1, k:toalha, mode:LOCK, rate:0
2025-09-22 19:11:13, EXEC, v:1, k:toalha, mode:LOCK, rate:0
2025-09-22 19:11:13, EXEC, v:1, k:toalha, mode:LOCK, rate:0
2025-09-22 19:11:13, EXEC, v:1, k:toalha, mode:LOCK, rate:0
2025-09-22 19:12:03, EXEC, v:1, k:toalha, mode:LOCK, rate:0
2025-09-22 19:12:24, EXEC, v:1, k:toalha, mode:LOCK, rate:0, size:29
2025-09-22 19:14:03, EXEC, v:1, k:toalha, mode:LOCK, rate:0, size:29
2025-09-22 19:15:33, EXEC, v:1, k:toalha, mode:LOCK, rate:0, size:29
2025-09-22 19:15:51, EXEC, v:1, k:toalha, mode:LOCK, rate:0, size:27
2025-09-22 19:15:52, EXEC, v:1, k:toalha, mode:LOCK, rate:0
2025-09-22 19:15:52, EXEC, v:1, k:toalha, mode:LOCK, rate:0
2025-09-22 19:15:52, EXEC, v:1, k:toalha, mode:LOCK, rate:0
2025-09-22 19:15:52, EXEC, v:1, k:toalha, mode:LOCK, rate:0
2025-09-22 19:15:53, EXEC, v:1, k:toalha, mode:LOCK, rate:0
2025-09-22 19:17:10, MOVE, v:1, k:toalha, mode:PICK
2025-09-22 19:17:12, EXEC, v:1, k:toalha, mode:LOCK, rate:0
2025-09-22 19:17:13, EXEC, v:1, k:toalha, mode:LOCK, rate:0
2025-09-22 19:17:14, EXEC, v:1, k:toalha, mode:LOCK, rate:0
2025-09-22 19:17:14, EXEC, v:1, k:toalha, mode:LOCK, rate:0
2025-09-22 19:17:14, EXEC, v:1, k:toalha, mode:LOCK, rate:0
2025-09-22 19:17:14, EXEC, v:1, k:toalha, mode:LOCK, rate:0
2025-09-22 19:21:43, EXEC, v:1, k:toalha, mode:LOCK, rate:0, size:36
2025-09-22 19:21:44, EXEC, v:1, k:toalha, mode:LOCK, rate:0
2025-09-22 19:21:44, EXEC, v:1, k:toalha, mode:LOCK, rate:0
2025-09-22 19:21:44, EXEC, v:1, k:toalha, mode:LOCK, rate:0
2025-09-22 20:00:20, EXEC, v:1, k:toalha, mode:LOCK, rate:0, size:53
2025-09-22 20:00:22, EXEC, v:1, k:toalha, mode:FREE
2025-09-22 20:13:23, EXEC, v:1, k:toalha, mode:LOCK, rate:0, size:52
2025-09-22 20:13:26, MOVE, v:1, k:toalha, mode:BACK
2025-09-22 20:13:26, MOVE, v:1, k:toalha, mode:PICK
2025-09-22 20:13:27, MOVE, v:1, k:toalha, mode:BACK
